SQL3150N  The H record in the PC/IXF file has product "DB2    02.00", date 
"20200410", and time "025419".

SQL3153N  The T record in the PC/IXF file has name "OSC.OSC_EFORM_MAPPING.ixf",
qualifier "", and source "            ".

SQL3109N  The utility is beginning to load data from file 
"OSC.OSC_EFORM_MAPPING.ixf".

SQL3110N  The utility has completed processing.  "62" rows were read from the 
input file.

SQL3221W  ...Begin COMMIT WORK. Input Record Count = "62".

SQL3222W  ...COMMIT of any database changes was successful.

SQL3149N  "62" rows were processed from the input file.  "62" rows were 
successfully inserted into the table.  "0" rows were rejected.

SQL3150N  The H record in the PC/IXF file has product "DB2    02.00", date 
"20200416", and time "034637".

SQL3153N  The T record in the PC/IXF file has name "OSC.OSC_EFORM_MAPPING.ixf",
qualifier "", and source "            ".

SQL3109N  The utility is beginning to load data from file 
"OSC.OSC_EFORM_MAPPING.ixf".

SQL3110N  The utility has completed processing.  "62" rows were read from the 
input file.

SQL3221W  ...Begin COMMIT WORK. Input Record Count = "62".

SQL3222W  ...COMMIT of any database changes was successful.

SQL3149N  "62" rows were processed from the input file.  "62" rows were 
successfully inserted into the table.  "0" rows were rejected.

